### ISSUE TITLE
bfgminer: load.c:285: decode_unicode_escape: Assertion `0' failed.

### ISSUE THREAD

**Issue by geeknik** [luke-jr/bfgminer#602]
While feeding an invalid config file to bfg with the following command line, I was able to cause a SIGABRT:

bfgminer -c test00 -L /dev/null --real-quiet

Since github doesn't allow file attachments, there is a hexdump of the test case that causes the issue at the end of this message. This bug was found with AFL (http://lcamtuf.coredump.cx/afl) and bfgminer was compiled as such:

CC=/path/to/afl-gcc ./configure
AFL_HARDEN=1 make -j12

bfgminer: load.c:285: decode_unicode_escape: Assertion `0' failed.

gdb:
Program received signal SIGABRT, Aborted.
[----------------------------------registers-----------------------------------]
RAX: 0x0
RBX: 0x7fffffffedde ("bfgminer")
RCX: 0xffffffffffffffff
RDX: 0x6
RSI: 0x3545 ('E5')
RDI: 0x3545 ('E5')
RBP: 0x7ffff6412a07 --> 0x257325732500203a (': ')
RSP: 0x7fffffffc008 --> 0x7ffff62fb3e0 (<___GI_abort+384>:      mov    rdx,QWORD PTR fs:0x10)
RIP: 0x7ffff62f8165 (<___GI_raise+53>:  cmp    rax,0xfffffffffffff000)
R8 : 0x7ffff7fe4720 (0x00007ffff7fe4720)
R9 : 0x60206e6f69747265 ('ertion `')
R10: 0x8
R11: 0x202
R12: 0x7ffff735b073 --> 0x20746e756f630030 ('0')
R13: 0x7ffff735b2e0 ("decode_unicode_escape")
R14: 0x7ffff6412a07 --> 0x257325732500203a (': ')
R15: 0x11d
EFLAGS: 0x202 (carry parity adjust zero sign trap INTERRUPT direction overflow)
[-------------------------------------code-------------------------------------]
   0x7ffff62f815b <___GI_raise+43>:     movsxd rdi,eax
   0x7ffff62f815e <___GI_raise+46>:     mov    eax,0xea
   0x7ffff62f8163 <___GI_raise+51>:     syscall
=> 0x7ffff62f8165 <___GI_raise+53>:     cmp    rax,0xfffffffffffff000
   0x7ffff62f816b <___GI_raise+59>:     ja     0x7ffff62f8182 <___GI_raise+82>
   0x7ffff62f816d <___GI_raise+61>:     repz ret
   0x7ffff62f816f <___GI_raise+63>:     nop
   0x7ffff62f8170 <___GI_raise+64>:     test   eax,eax
[------------------------------------stack-------------------------------------]
0000| 0x7fffffffc008 --> 0x7ffff62fb3e0 (<___GI_abort+384>:     mov    rdx,QWORD PTR fs:0x10)
0008| 0x7fffffffc010 --> 0x7ffff735b073 --> 0x20746e756f630030 ('0')
0016| 0x7fffffffc018 --> 0x7ffff64149c1 --> 0x706c6568007325 ('%s')
0024| 0x7fffffffc020 --> 0x7fffffffc040 --> 0x3000000018
0032| 0x7fffffffc028 --> 0x11d
0040| 0x7fffffffc030 --> 0x7fffffffc130 --> 0x7fffffffedde ("bfgminer")
0048| 0x7fffffffc038 --> 0x7ffff632cfe6 (<__fxprintf+310>:      lea    rsp,[rbp-0x20])
0056| 0x7fffffffc040 --> 0x3000000018
[------------------------------------------------------------------------------]
Legend: code, data, rodata, value
Stopped reason: SIGABRT
0x00007ffff62f8165 in *__GI_raise (sig=<optimized out>) at ../nptl/sysdeps/unix/sysv/linux/raise.c:64
64      ../nptl/sysdeps/unix/sysv/linux/raise.c: No such file or directory.

Valgrind: 
==23838== Process terminating with default action of signal 6 (SIGABRT)
==23838==    at 0x65EC165: raise (raise.c:64)
==23838==    by 0x65EF3DF: abort (abort.c:92)
==23838==    by 0x65E5310: __assert_fail (assert.c:81)
==23838==    by 0x56B095C: ??? (in /usr/lib/x86_64-linux-gnu/libjansson.so.4.3.1)
==23838==    by 0x56B1221: ??? (in /usr/lib/x86_64-linux-gnu/libjansson.so.4.3.1)
==23838==    by 0x56B1618: ??? (in /usr/lib/x86_64-linux-gnu/libjansson.so.4.3.1)
==23838==    by 0x56B19DB: ??? (in /usr/lib/x86_64-linux-gnu/libjansson.so.4.3.1)
==23838==    by 0x56B1D80: json_loadf (in /usr/lib/x86_64-linux-gnu/libjansson.so.4.3.1)
==23838==    by 0x56B1E25: json_load_file (in /usr/lib/x86_64-linux-gnu/libjansson.so.4.3.1)
==23838==    by 0x4731EA: load_config (miner.c:2953)
==23838==    by 0x681D1C: parse_one (parse.c:113)
==23838==    by 0x6804A2: opt_parse (opt.c:210)

Test case hexdump:
0000000 0a7b 6922 2022 203a 6422 392c 6d65 2d70
0000010 755c 0000 2000 2022 203a 3922 382c 2235
0000020 0a4a 7422 6d65 2d70 61ef 6772 7465 2022
0000030 203a 3722 372c 2c35 3537 2c22 0a0a 6122
0000040 6166 226e 3a3f 7420 7572 2c65 220a 754b
0000050 7570 2022 203a 7274 6575 0a2c 6522 7078
0000060 7269 2279 3a20 3120 2c32 220a 6567 e973
0000070 3622 203a 2c35 2022 203a 2c31 220a 6373
0000080 6e61 742d 6d69 2265 3a20 8220 8282 8282
0000090 8282 8282 8282 8282 8282 8282 8282 8282
00000a0 8282 8282 8282 8282 8282 3682 2c30 220a
00000b0 6574 706d 682d 7379 6574 6572 6973 2273
00000c0 3a20 3320 0a2c 220a 6373 6e61 732d 7265
00000d0 6169 0100 3a20 5b20 090a 2f22 5664 2f90
00000e0 7474 5579 4230 2230 0a2c 2209 642f 7665
00000f0 ff2f ffff 5380 3142 2c22 090a 2f80 6564
0000100 2f76 7474 5579 4253 2232 0a2c 2227 642f
0000110 7665 712f 6575 6575 2c35 2022 203a 2c31
0000120 220a 6373 6e61 742d 6d69 2265 4220 2233
0000130 5d0a 0a2c 220a 656b 6e72 6c65 4000 7561
0000140 2268 3a20 1020 6e2f 0a22 007d
000014b

**Comment by luke-jr** [comment]
This was a bug in your Jansson library, fixed in Jansson 2.6 released 2014-02-11 (specifically, commit [9c259c0](https://github.com/akheron/jansson/commit/9c259c07aa53381df5819ef61627342c932d626f)).
